################
# ERROR SADDLE #
################
in ../../NetBeansData/BiNChE/run_01082013/chebi_testfiles/CO000071_CHEBI:2790.tsv
***********************
java.lang.NullPointerException
------------------
null
***********************

################
# ERROR SADDLE #
################
in ../../NetBeansData/BiNChE/run_01082013/chebi_testfiles/CO000072_CHEBI:2790.tsv
***********************
java.lang.NullPointerException
------------------
null
***********************

################
# ERROR SADDLE #
################
in ../../NetBeansData/BiNChE/run_01082013/chebi_testfiles/CO000073_CHEBI:2790.tsv
***********************
java.lang.NullPointerException
------------------
null
***********************

################
# ERROR SADDLE #
################
in ../../NetBeansData/BiNChE/run_01082013/chebi_testfiles/CO000074_CHEBI:2790.tsv
***********************
java.lang.NullPointerException
------------------
null
***********************

################
# ERROR SADDLE #
################
in ../../NetBeansData/BiNChE/run_01082013/chebi_testfiles/CO000075_CHEBI:2790.tsv
***********************
java.lang.NullPointerException
------------------
null
***********************

################
# ERROR SADDLE #
################
in ../../NetBeansData/BiNChE/run_01082013/chebi_testfiles/CO000106_CHEBI:59773.tsv
***********************
java.lang.NullPointerException
------------------
null
***********************

################
# ERROR SADDLE #
################
in ../../NetBeansData/BiNChE/run_01082013/chebi_testfiles/CO000107_CHEBI:59773.tsv
***********************
java.lang.NullPointerException
------------------
null
***********************

################
# ERROR SADDLE #
################
in ../../NetBeansData/BiNChE/run_01082013/chebi_testfiles/CO000108_CHEBI:59773.tsv
***********************
java.lang.NullPointerException
------------------
null
***********************

################
# ERROR SADDLE #
################
in ../../NetBeansData/BiNChE/run_01082013/chebi_testfiles/CO000109_CHEBI:59773.tsv
***********************
java.lang.NullPointerException
------------------
null
***********************

################
# ERROR SADDLE #
################
in ../../NetBeansData/BiNChE/run_01082013/chebi_testfiles/CO000110_CHEBI:59773.tsv
***********************
java.lang.NullPointerException
------------------
null
***********************

################
# ERROR SADDLE #
################
in ../../NetBeansData/BiNChE/run_01082013/chebi_testfiles/CO000121_CHEBI:4470.tsv
***********************
java.lang.NullPointerException
------------------
null
***********************

################
# ERROR SADDLE #
################
in ../../NetBeansData/BiNChE/run_01082013/chebi_testfiles/CO000122_CHEBI:4470.tsv
***********************
java.lang.NullPointerException
------------------
null
***********************

################
# ERROR SADDLE #
################
in ../../NetBeansData/BiNChE/run_01082013/chebi_testfiles/CO000123_CHEBI:4470.tsv
***********************
java.lang.NullPointerException
------------------
null
***********************

################
# ERROR SADDLE #
################
in ../../NetBeansData/BiNChE/run_01082013/chebi_testfiles/CO000124_CHEBI:4470.tsv
***********************
java.lang.NullPointerException
------------------
null
***********************

################
# ERROR SADDLE #
################
in ../../NetBeansData/BiNChE/run_01082013/chebi_testfiles/CO000125_CHEBI:4470.tsv
***********************
java.lang.NullPointerException
------------------
null
***********************

################
# ERROR SADDLE #
################
in ../../NetBeansData/BiNChE/run_01082013/chebi_testfiles/CO000136_CHEBI:4639.tsv
***********************
java.lang.NullPointerException
------------------
null
***********************

################
# ERROR SADDLE #
################
in ../../NetBeansData/BiNChE/run_01082013/chebi_testfiles/CO000137_CHEBI:4639.tsv
***********************
java.lang.NullPointerException
------------------
null
***********************

################
# ERROR SADDLE #
################
in ../../NetBeansData/BiNChE/run_01082013/chebi_testfiles/CO000138_CHEBI:4639.tsv
***********************
java.lang.NullPointerException
------------------
null
***********************

################
# ERROR SADDLE #
################
in ../../NetBeansData/BiNChE/run_01082013/chebi_testfiles/CO000139_CHEBI:4639.tsv
***********************
java.lang.NullPointerException
------------------
null
***********************

################
# ERROR SADDLE #
################
in ../../NetBeansData/BiNChE/run_01082013/chebi_testfiles/CO000140_CHEBI:4639.tsv
***********************
java.lang.NullPointerException
------------------
null
***********************

################
# ERROR SADDLE #
################
in ../../NetBeansData/BiNChE/run_01082013/chebi_testfiles/COX00015_CHEBI:2790.tsv
***********************
java.lang.NullPointerException
------------------
null
***********************

################
# ERROR SADDLE #
################
in ../../NetBeansData/BiNChE/run_01082013/chebi_testfiles/COX00022_CHEBI:59773.tsv
***********************
java.lang.NullPointerException
------------------
null
***********************

################
# ERROR SADDLE #
################
in ../../NetBeansData/BiNChE/run_01082013/chebi_testfiles/COX00025_CHEBI:4470.tsv
***********************
java.lang.NullPointerException
------------------
null
***********************

################
# ERROR SADDLE #
################
in ../../NetBeansData/BiNChE/run_01082013/chebi_testfiles/COX00028_CHEBI:4639.tsv
***********************
java.lang.NullPointerException
------------------
null
***********************

################
# ERROR SADDLE #
################
in ../../NetBeansData/BiNChE/run_01082013/chebi_testfiles/COX00072_CHEBI:8378.tsv
***********************
java.lang.NullPointerException
------------------
null
***********************

################
# ERROR SADDLE #
################
in ../../NetBeansData/BiNChE/run_01082013/chebi_testfiles/PB000464_CHEBI:18237.tsv
***********************
java.lang.NullPointerException
------------------
null
***********************

################
# ERROR SADDLE #
################
in ../../NetBeansData/BiNChE/run_01082013/chebi_testfiles/PB000515PB000516PB000517_CHEBI:24814.tsv
***********************
java.lang.NullPointerException
------------------
null
***********************

################
# ERROR SADDLE #
################
in ../../NetBeansData/BiNChE/run_01082013/chebi_testfiles/PR100093PR101042_CHEBI:15714.tsv
***********************
java.lang.NullPointerException
------------------
null
***********************

################
# ERROR SADDLE #
################
in ../../NetBeansData/BiNChE/run_01082013/chebi_testfiles/PR100186_CHEBI:16742.tsv
***********************
java.lang.NullPointerException
------------------
null
***********************

################
# ERROR SADDLE #
################
in ../../NetBeansData/BiNChE/run_01082013/chebi_testfiles/PR100188_CHEBI:8232.tsv
***********************
java.lang.NullPointerException
------------------
null
***********************

################
# ERROR SADDLE #
################
in ../../NetBeansData/BiNChE/run_01082013/chebi_testfiles/PR100192_CHEBI:16836.tsv
***********************
java.lang.NullPointerException
------------------
null
***********************

################
# ERROR SADDLE #
################
in ../../NetBeansData/BiNChE/run_01082013/chebi_testfiles/PR100199_CHEBI:16163.tsv
***********************
java.lang.NullPointerException
------------------
null
***********************

